#
# A fatal error has been detected by the Java Runtime Environment:
#
#  EXCEPTION_ACCESS_VIOLATION (0xc0000005) at pc=0x00007ffbcda76699, pid=2252, tid=10096
#
# JRE version: OpenJDK Runtime Environment (14.0.2+12) (build 14.0.2+12-46)
# Java VM: OpenJDK 64-Bit Server VM (14.0.2+12-46, mixed mode, tiered, compressed oops, g1 gc, windows-amd64)
# Problematic frame:
# V  [jvm.dll+0x206699]
#
# No core dump will be written. Minidumps are not enabled by default on client versions of Windows
#
# If you would like to submit a bug report, please visit:
#   https://bugreport.java.com/bugreport/crash.jsp
#

---------------  S U M M A R Y ------------

Command Line: -XX:+ShowCodeDetailsInExceptionMessages -agentlib:jdwp=transport=dt_socket,suspend=y,address=localhost:64506 -javaagent:D:\utils\eclipse\jee-2020-09\eclipse\configuration\org.eclipse.osgi\406\0\.cp\lib\javaagent-shaded.jar -Dfile.encoding=Cp1252 net.leseonline.Main

Host: Intel(R) Core(TM) i7-8750H CPU @ 2.20GHz, 12 cores, 15G,  Windows 10 , 64 bit Build 19041 (10.0.19041.1023)
Time: Sun Jun 20 09:16:57 2021 US Eastern Daylight Time elapsed time: 83390 seconds (0d 23h 9m 50s)

---------------  T H R E A D  ---------------

Current thread (0x0000020f1d73c000):  JavaThread "JDWP Transport Listener: dt_socket" daemon [_thread_in_vm, id=10096, stack(0x000000e3d1600000,0x000000e3d1700000)] _threads_hazard_ptr=0x0000020f1d917c70

Stack: [0x000000e3d1600000,0x000000e3d1700000],  sp=0x000000e3d16fe768,  free space=1017k
Native frames: (J=compiled Java code, j=interpreted, Vv=VM code, C=native code)
V  [jvm.dll+0x206699]


siginfo: EXCEPTION_ACCESS_VIOLATION (0xc0000005), reading address 0x0000020f1e0be5e0


Register to memory mapping:

RIP=0x00007ffbcda76699 jvm.dll
RAX=0x00000000001942c0 is an unknown value
RBX=0x0000020f1df293c0 is pointing into metadata
RCX=0x0000020f1df2a320 is pointing into metadata
RDX=0x000000000000ca15 is an unknown value
RSP=0x000000e3d16fe768 is pointing into the stack for thread: 0x0000020f1d73c000
RBP=0x000000e3d16fed10 is pointing into the stack for thread: 0x0000020f1d73c000
RSI=0x000000e3d16fee80 is pointing into the stack for thread: 0x0000020f1d73c000
RDI=0x000000e3d16fee80 is pointing into the stack for thread: 0x0000020f1d73c000
R8 =0x0 is NULL
R9 =0x0000020f1df293c0 is pointing into metadata
R10=0x00007ffbcd870000 jvm.dll
R11=0x000000e3d16fec30 is pointing into the stack for thread: 0x0000020f1d73c000
R12=0x0000020f1d85c6d0 points into unknown readable memory: 00 99 c5 11 00 00 00 00
R13=0x0 is NULL
R14=0x0000020f1df29f5c is pointing into metadata
R15=0x0000000000000065 is an unknown value


Registers:
RAX=0x00000000001942c0, RBX=0x0000020f1df293c0, RCX=0x0000020f1df2a320, RDX=0x000000000000ca15
RSP=0x000000e3d16fe768, RBP=0x000000e3d16fed10, RSI=0x000000e3d16fee80, RDI=0x000000e3d16fee80
R8 =0x0000000000000000, R9 =0x0000020f1df293c0, R10=0x00007ffbcd870000, R11=0x000000e3d16fec30
R12=0x0000020f1d85c6d0, R13=0x0000000000000000, R14=0x0000020f1df29f5c, R15=0x0000000000000065
RIP=0x00007ffbcda76699, EFLAGS=0x0000000000010206

Top of Stack: (sp=0x000000e3d16fe768)
0x000000e3d16fe768:   00007ffbcda7671e 000000e3d16fe7d0
0x000000e3d16fe778:   0000000000000000 0000000000000000
0x000000e3d16fe788:   0000000000000000 0000000000000000
0x000000e3d16fe798:   00007ffbcdb5f310 0000000000000000
0x000000e3d16fe7a8:   000000e3d16fee80 0000000000000000
0x000000e3d16fe7b8:   0000000000000000 0000000000000000
0x000000e3d16fe7c8:   0000000000000000 00007ffbce0c5730
0x000000e3d16fe7d8:   0000020f1d355e08 0000000000000003
0x000000e3d16fe7e8:   000000000000000e 000000e3d16fe810
0x000000e3d16fe7f8:   0000000000000003 0000000000000000
0x000000e3d16fe808:   0000000000000000 2fffffff4fffffff
0x000000e3d16fe818:   000000002fffffff 0000000000000000
0x000000e3d16fe828:   0000000000000000 0000000000000000
0x000000e3d16fe838:   0000000000000000 0000000000000000
0x000000e3d16fe848:   0000000000000000 0000000000000000
0x000000e3d16fe858:   0000000000000000 0000000000000000 

Instructions: (pc=0x00007ffbcda76699)
0x00007ffbcda76599:   03 03 03 03 03 03 03 03 03 03 03 03 03 03 03 03
0x00007ffbcda765a9:   03 03 03 03 03 03 03 03 03 03 03 03 03 03 03 03
0x00007ffbcda765b9:   03 03 03 03 03 03 03 03 03 03 03 03 03 03 03 03
0x00007ffbcda765c9:   03 03 03 03 03 03 03 03 03 03 03 03 03 03 03 03
0x00007ffbcda765d9:   03 03 02 03 03 02 cc 48 89 5c 24 08 48 89 74 24
0x00007ffbcda765e9:   10 57 48 83 ec 20 48 63 da 41 0f b6 f0 48 8b f9
0x00007ffbcda765f9:   85 d2 79 24 4c 8d 0d fc 82 63 00 ba 99 02 00 00
0x00007ffbcda76609:   4c 8d 05 28 83 63 00 48 8d 0d a1 82 63 00 e8 94
0x00007ffbcda76619:   6b 00 00 e8 cf 1f 3f 00 40 84 f6 75 18 48 8b 4f
0x00007ffbcda76629:   10 48 85 c9 74 0f 48 8d 43 01 48 c1 e0 05 48 8b
0x00007ffbcda76639:   04 08 0f b7 d8 48 8b 74 24 38 48 63 c3 48 8b 5c
0x00007ffbcda76649:   24 30 0f b7 44 c7 40 48 83 c4 20 5f c3 cc cc cc
0x00007ffbcda76659:   cc cc cc cc cc cc cc 4c 8b c9 45 84 c0 75 42 48
0x00007ffbcda76669:   8b 49 10 48 85 c9 74 39 85 d2 79 1a f7 d2 48 63
0x00007ffbcda76679:   c2 48 ff c0 48 c1 e0 05 48 8b 04 08 0f b7 c8 41
0x00007ffbcda76689:   0f b7 44 c9 42 c3 48 63 c2 48 ff c0 48 c1 e0 05
0x00007ffbcda76699:   48 8b 04 08 0f b7 d0 48 63 c2 41 0f b7 44 c1 42
0x00007ffbcda766a9:   c3 49 8b 41 08 4c 63 c2 42 0f b6 44 00 04 8d 48
0x00007ffbcda766b9:   ef 80 f9 01 76 0e 3c 6a 74 0a 48 63 c2 41 0f b7
0x00007ffbcda766c9:   44 c1 42 c3 43 0f b7 44 c1 42 c3 cc cc cc cc cc
0x00007ffbcda766d9:   cc cc cc cc cc cc cc 40 53 48 83 ec 20 48 8b d9
0x00007ffbcda766e9:   e8 72 ff ff ff 48 63 d0 0f b7 44 d3 40 48 8b 44
0x00007ffbcda766f9:   c3 40 48 83 c4 20 5b c3 cc cc cc cc cc cc cc cc
0x00007ffbcda76709:   cc cc cc cc cc cc cc 40 53 48 83 ec 20 48 8b d9
0x00007ffbcda76719:   e8 42 ff ff ff 48 63 d0 0f b7 44 d3 42 48 8b 44
0x00007ffbcda76729:   c3 40 48 83 c4 20 5b c3 cc cc cc cc cc cc cc cc
0x00007ffbcda76739:   cc cc cc cc cc cc cc 4c 8b d1 45 84 c9 75 23 4c
0x00007ffbcda76749:   8b 49 10 4d 85 c9 74 1a 45 85 c0 79 03 41 f7 d0
0x00007ffbcda76759:   49 63 c0 48 ff c0 48 c1 e0 05 4a 8b 04 08 44 0f
0x00007ffbcda76769:   b7 c0 49 8b 42 08 49 63 c8 0f b6 4c 08 04 48 8b
0x00007ffbcda76779:   c2 88 0a c3 cc cc cc 40 56 57 41 54 41 56 41 57
0x00007ffbcda76789:   48 83 ec 20 45 8b 30 49 8b f0 49 63 f9 4c 8b e2 


Stack slot to memory mapping:
stack at sp + 0 slots: 0x00007ffbcda7671e jvm.dll
stack at sp + 1 slots: 0x000000e3d16fe7d0 is pointing into the stack for thread: 0x0000020f1d73c000
stack at sp + 2 slots: 0x0 is NULL
stack at sp + 3 slots: 0x0 is NULL
stack at sp + 4 slots: 0x0 is NULL
stack at sp + 5 slots: 0x0 is NULL
stack at sp + 6 slots: 0x00007ffbcdb5f310 jvm.dll
stack at sp + 7 slots: 0x0 is NULL


---------------  P R O C E S S  ---------------

Threads class SMR info:
_java_thread_list=0x0000020f1d917c70, length=14, elements={
0x0000020f7d2c0000, 0x0000020f1d46e800, 0x0000020f1d470800, 0x0000020f1d4a8800,
0x0000020f1d4a9800, 0x0000020f1d4ab000, 0x0000020f1d4b1800, 0x0000020f1d4c6000,
0x0000020f1d4ce000, 0x0000020f1d695800, 0x0000020f1d73c000, 0x0000020f1d78b000,
0x0000020f1d78e000, 0x0000020f1d8cb000
}

Java Threads: ( => current thread )
  0x0000020f7d2c0000 JavaThread "main" [_thread_blocked, id=19096, stack(0x000000e3d0500000,0x000000e3d0600000)]
  0x0000020f1d46e800 JavaThread "Reference Handler" daemon [_thread_blocked, id=5616, stack(0x000000e3d0c00000,0x000000e3d0d00000)]
  0x0000020f1d470800 JavaThread "Finalizer" daemon [_thread_blocked, id=8256, stack(0x000000e3d0d00000,0x000000e3d0e00000)]
  0x0000020f1d4a8800 JavaThread "Signal Dispatcher" daemon [_thread_blocked, id=6728, stack(0x000000e3d0e00000,0x000000e3d0f00000)]
  0x0000020f1d4a9800 JavaThread "Attach Listener" daemon [_thread_blocked, id=14852, stack(0x000000e3d0f00000,0x000000e3d1000000)]
  0x0000020f1d4ab000 JavaThread "Service Thread" daemon [_thread_blocked, id=17576, stack(0x000000e3d1000000,0x000000e3d1100000)]
  0x0000020f1d4b1800 JavaThread "C2 CompilerThread0" daemon [_thread_blocked, id=10080, stack(0x000000e3d1100000,0x000000e3d1200000)]
  0x0000020f1d4c6000 JavaThread "C1 CompilerThread0" daemon [_thread_blocked, id=15012, stack(0x000000e3d1200000,0x000000e3d1300000)]
  0x0000020f1d4ce000 JavaThread "Sweeper thread" daemon [_thread_blocked, id=10216, stack(0x000000e3d1300000,0x000000e3d1400000)]
  0x0000020f1d695800 JavaThread "Common-Cleaner" daemon [_thread_blocked, id=13548, stack(0x000000e3d1400000,0x000000e3d1500000)]
=>0x0000020f1d73c000 JavaThread "JDWP Transport Listener: dt_socket" daemon [_thread_in_vm, id=10096, stack(0x000000e3d1600000,0x000000e3d1700000)]
  0x0000020f1d78b000 JavaThread "JDWP Event Helper Thread" daemon [_thread_blocked, id=7816, stack(0x000000e3d1700000,0x000000e3d1800000)]
  0x0000020f1d78e000 JavaThread "JDWP Command Reader" daemon [_thread_in_native, id=1576, stack(0x000000e3d1800000,0x000000e3d1900000)]
  0x0000020f1d8cb000 JavaThread "Notification Thread" daemon [_thread_blocked, id=3844, stack(0x000000e3d1500000,0x000000e3d1600000)]

Other Threads:
  0x0000020f1d452800 VMThread "VM Thread" [stack: 0x000000e3d0b00000,0x000000e3d0c00000] [id=14416]
  0x0000020f1d8cd800 WatcherThread [stack: 0x000000e3d1900000,0x000000e3d1a00000] [id=17736]
  0x0000020f7d305000 GCTaskThread "GC Thread#0" [stack: 0x000000e3d0600000,0x000000e3d0700000] [id=10336]
  0x0000020f7d309000 ConcurrentGCThread "G1 Main Marker" [stack: 0x000000e3d0700000,0x000000e3d0800000] [id=16760]
  0x0000020f7d30a800 ConcurrentGCThread "G1 Conc#0" [stack: 0x000000e3d0800000,0x000000e3d0900000] [id=13212]
  0x0000020f7d9c0000 ConcurrentGCThread "G1 Refine#0" [stack: 0x000000e3d0900000,0x000000e3d0a00000] [id=17112]
  0x0000020f7d9c1000 ConcurrentGCThread "G1 Young RemSet Sampling" [stack: 0x000000e3d0a00000,0x000000e3d0b00000] [id=10616]

Threads with active compile tasks:

VM state:not at safepoint (normal execution)

VM Mutex/Monitor currently owned by a thread: None

Heap address: 0x0000000701e00000, size: 4066 MB, Compressed Oops mode: Zero based, Oop shift amount: 3
Narrow klass base: 0x0000000800000000, Narrow klass shift: 0
Compressed class space size: 1073741824 Address: 0x0000000800000000

Heap:
 garbage-first heap   total 262144K, used 5120K [0x0000000701e00000, 0x0000000800000000)
  region size 1024K, 6 young (6144K), 0 survivors (0K)
 Metaspace       used 9041K, capacity 9152K, committed 9344K, reserved 1058816K
  class space    used 795K, capacity 836K, committed 896K, reserved 1048576K
Heap Regions: E=young(eden), S=young(survivor), O=old, HS=humongous(starts), HC=humongous(continues), CS=collection set, F=free, OA=open archive, CA=closed archive, TAMS=top-at-mark-start (previous, next)
|   0|0x0000000701e00000, 0x0000000701e00000, 0x0000000701f00000|  0%| F|  |TAMS 0x0000000701e00000, 0x0000000701e00000| Untracked 
|   1|0x0000000701f00000, 0x0000000701f00000, 0x0000000702000000|  0%| F|  |TAMS 0x0000000701f00000, 0x0000000701f00000| Untracked 
|   2|0x0000000702000000, 0x0000000702000000, 0x0000000702100000|  0%| F|  |TAMS 0x0000000702000000, 0x0000000702000000| Untracked 
|   3|0x0000000702100000, 0x0000000702100000, 0x0000000702200000|  0%| F|  |TAMS 0x0000000702100000, 0x0000000702100000| Untracked 
|   4|0x0000000702200000, 0x0000000702200000, 0x0000000702300000|  0%| F|  |TAMS 0x0000000702200000, 0x0000000702200000| Untracked 
|   5|0x0000000702300000, 0x0000000702300000, 0x0000000702400000|  0%| F|  |TAMS 0x0000000702300000, 0x0000000702300000| Untracked 
|   6|0x0000000702400000, 0x0000000702400000, 0x0000000702500000|  0%| F|  |TAMS 0x0000000702400000, 0x0000000702400000| Untracked 
|   7|0x0000000702500000, 0x0000000702500000, 0x0000000702600000|  0%| F|  |TAMS 0x0000000702500000, 0x0000000702500000| Untracked 
|   8|0x0000000702600000, 0x0000000702600000, 0x0000000702700000|  0%| F|  |TAMS 0x0000000702600000, 0x0000000702600000| Untracked 
|   9|0x0000000702700000, 0x0000000702700000, 0x0000000702800000|  0%| F|  |TAMS 0x0000000702700000, 0x0000000702700000| Untracked 
|  10|0x0000000702800000, 0x0000000702800000, 0x0000000702900000|  0%| F|  |TAMS 0x0000000702800000, 0x0000000702800000| Untracked 
|  11|0x0000000702900000, 0x0000000702900000, 0x0000000702a00000|  0%| F|  |TAMS 0x0000000702900000, 0x0000000702900000| Untracked 
|  12|0x0000000702a00000, 0x0000000702a00000, 0x0000000702b00000|  0%| F|  |TAMS 0x0000000702a00000, 0x0000000702a00000| Untracked 
|  13|0x0000000702b00000, 0x0000000702b00000, 0x0000000702c00000|  0%| F|  |TAMS 0x0000000702b00000, 0x0000000702b00000| Untracked 
|  14|0x0000000702c00000, 0x0000000702c00000, 0x0000000702d00000|  0%| F|  |TAMS 0x0000000702c00000, 0x0000000702c00000| Untracked 
|  15|0x0000000702d00000, 0x0000000702d00000, 0x0000000702e00000|  0%| F|  |TAMS 0x0000000702d00000, 0x0000000702d00000| Untracked 
|  16|0x0000000702e00000, 0x0000000702e00000, 0x0000000702f00000|  0%| F|  |TAMS 0x0000000702e00000, 0x0000000702e00000| Untracked 
|  17|0x0000000702f00000, 0x0000000702f00000, 0x0000000703000000|  0%| F|  |TAMS 0x0000000702f00000, 0x0000000702f00000| Untracked 
|  18|0x0000000703000000, 0x0000000703000000, 0x0000000703100000|  0%| F|  |TAMS 0x0000000703000000, 0x0000000703000000| Untracked 
|  19|0x0000000703100000, 0x0000000703100000, 0x0000000703200000|  0%| F|  |TAMS 0x0000000703100000, 0x0000000703100000| Untracked 
|  20|0x0000000703200000, 0x0000000703200000, 0x0000000703300000|  0%| F|  |TAMS 0x0000000703200000, 0x0000000703200000| Untracked 
|  21|0x0000000703300000, 0x0000000703300000, 0x0000000703400000|  0%| F|  |TAMS 0x0000000703300000, 0x0000000703300000| Untracked 
|  22|0x0000000703400000, 0x0000000703400000, 0x0000000703500000|  0%| F|  |TAMS 0x0000000703400000, 0x0000000703400000| Untracked 
|  23|0x0000000703500000, 0x0000000703500000, 0x0000000703600000|  0%| F|  |TAMS 0x0000000703500000, 0x0000000703500000| Untracked 
|  24|0x0000000703600000, 0x0000000703600000, 0x0000000703700000|  0%| F|  |TAMS 0x0000000703600000, 0x0000000703600000| Untracked 
|  25|0x0000000703700000, 0x0000000703700000, 0x0000000703800000|  0%| F|  |TAMS 0x0000000703700000, 0x0000000703700000| Untracked 
|  26|0x0000000703800000, 0x0000000703800000, 0x0000000703900000|  0%| F|  |TAMS 0x0000000703800000, 0x0000000703800000| Untracked 
|  27|0x0000000703900000, 0x0000000703900000, 0x0000000703a00000|  0%| F|  |TAMS 0x0000000703900000, 0x0000000703900000| Untracked 
|  28|0x0000000703a00000, 0x0000000703a00000, 0x0000000703b00000|  0%| F|  |TAMS 0x0000000703a00000, 0x0000000703a00000| Untracked 
|  29|0x0000000703b00000, 0x0000000703b00000, 0x0000000703c00000|  0%| F|  |TAMS 0x0000000703b00000, 0x0000000703b00000| Untracked 
|  30|0x0000000703c00000, 0x0000000703c00000, 0x0000000703d00000|  0%| F|  |TAMS 0x0000000703c00000, 0x0000000703c00000| Untracked 
|  31|0x0000000703d00000, 0x0000000703d00000, 0x0000000703e00000|  0%| F|  |TAMS 0x0000000703d00000, 0x0000000703d00000| Untracked 
|  32|0x0000000703e00000, 0x0000000703e00000, 0x0000000703f00000|  0%| F|  |TAMS 0x0000000703e00000, 0x0000000703e00000| Untracked 
|  33|0x0000000703f00000, 0x0000000703f00000, 0x0000000704000000|  0%| F|  |TAMS 0x0000000703f00000, 0x0000000703f00000| Untracked 
|  34|0x0000000704000000, 0x0000000704000000, 0x0000000704100000|  0%| F|  |TAMS 0x0000000704000000, 0x0000000704000000| Untracked 
|  35|0x0000000704100000, 0x0000000704100000, 0x0000000704200000|  0%| F|  |TAMS 0x0000000704100000, 0x0000000704100000| Untracked 
|  36|0x0000000704200000, 0x0000000704200000, 0x0000000704300000|  0%| F|  |TAMS 0x0000000704200000, 0x0000000704200000| Untracked 
|  37|0x0000000704300000, 0x0000000704300000, 0x0000000704400000|  0%| F|  |TAMS 0x0000000704300000, 0x0000000704300000| Untracked 
|  38|0x0000000704400000, 0x0000000704400000, 0x0000000704500000|  0%| F|  |TAMS 0x0000000704400000, 0x0000000704400000| Untracked 
|  39|0x0000000704500000, 0x0000000704500000, 0x0000000704600000|  0%| F|  |TAMS 0x0000000704500000, 0x0000000704500000| Untracked 
|  40|0x0000000704600000, 0x0000000704600000, 0x0000000704700000|  0%| F|  |TAMS 0x0000000704600000, 0x0000000704600000| Untracked 
|  41|0x0000000704700000, 0x0000000704700000, 0x0000000704800000|  0%| F|  |TAMS 0x0000000704700000, 0x0000000704700000| Untracked 
|  42|0x0000000704800000, 0x0000000704800000, 0x0000000704900000|  0%| F|  |TAMS 0x0000000704800000, 0x0000000704800000| Untracked 
|  43|0x0000000704900000, 0x0000000704900000, 0x0000000704a00000|  0%| F|  |TAMS 0x0000000704900000, 0x0000000704900000| Untracked 
|  44|0x0000000704a00000, 0x0000000704a00000, 0x0000000704b00000|  0%| F|  |TAMS 0x0000000704a00000, 0x0000000704a00000| Untracked 
|  45|0x0000000704b00000, 0x0000000704b00000, 0x0000000704c00000|  0%| F|  |TAMS 0x0000000704b00000, 0x0000000704b00000| Untracked 
|  46|0x0000000704c00000, 0x0000000704c00000, 0x0000000704d00000|  0%| F|  |TAMS 0x0000000704c00000, 0x0000000704c00000| Untracked 
|  47|0x0000000704d00000, 0x0000000704d00000, 0x0000000704e00000|  0%| F|  |TAMS 0x0000000704d00000, 0x0000000704d00000| Untracked 
|  48|0x0000000704e00000, 0x0000000704e00000, 0x0000000704f00000|  0%| F|  |TAMS 0x0000000704e00000, 0x0000000704e00000| Untracked 
|  49|0x0000000704f00000, 0x0000000704f00000, 0x0000000705000000|  0%| F|  |TAMS 0x0000000704f00000, 0x0000000704f00000| Untracked 
|  50|0x0000000705000000, 0x0000000705000000, 0x0000000705100000|  0%| F|  |TAMS 0x0000000705000000, 0x0000000705000000| Untracked 
|  51|0x0000000705100000, 0x0000000705100000, 0x0000000705200000|  0%| F|  |TAMS 0x0000000705100000, 0x0000000705100000| Untracked 
|  52|0x0000000705200000, 0x0000000705200000, 0x0000000705300000|  0%| F|  |TAMS 0x0000000705200000, 0x0000000705200000| Untracked 
|  53|0x0000000705300000, 0x0000000705300000, 0x0000000705400000|  0%| F|  |TAMS 0x0000000705300000, 0x0000000705300000| Untracked 
|  54|0x0000000705400000, 0x0000000705400000, 0x0000000705500000|  0%| F|  |TAMS 0x0000000705400000, 0x0000000705400000| Untracked 
|  55|0x0000000705500000, 0x0000000705500000, 0x0000000705600000|  0%| F|  |TAMS 0x0000000705500000, 0x0000000705500000| Untracked 
|  56|0x0000000705600000, 0x0000000705600000, 0x0000000705700000|  0%| F|  |TAMS 0x0000000705600000, 0x0000000705600000| Untracked 
|  57|0x0000000705700000, 0x0000000705700000, 0x0000000705800000|  0%| F|  |TAMS 0x0000000705700000, 0x0000000705700000| Untracked 
|  58|0x0000000705800000, 0x0000000705800000, 0x0000000705900000|  0%| F|  |TAMS 0x0000000705800000, 0x0000000705800000| Untracked 
|  59|0x0000000705900000, 0x0000000705900000, 0x0000000705a00000|  0%| F|  |TAMS 0x0000000705900000, 0x0000000705900000| Untracked 
|  60|0x0000000705a00000, 0x0000000705a00000, 0x0000000705b00000|  0%| F|  |TAMS 0x0000000705a00000, 0x0000000705a00000| Untracked 
|  61|0x0000000705b00000, 0x0000000705b00000, 0x0000000705c00000|  0%| F|  |TAMS 0x0000000705b00000, 0x0000000705b00000| Untracked 
|  62|0x0000000705c00000, 0x0000000705c00000, 0x0000000705d00000|  0%| F|  |TAMS 0x0000000705c00000, 0x0000000705c00000| Untracked 
|  63|0x0000000705d00000, 0x0000000705d00000, 0x0000000705e00000|  0%| F|  |TAMS 0x0000000705d00000, 0x0000000705d00000| Untracked 
|  64|0x0000000705e00000, 0x0000000705e00000, 0x0000000705f00000|  0%| F|  |TAMS 0x0000000705e00000, 0x0000000705e00000| Untracked 
|  65|0x0000000705f00000, 0x0000000705f00000, 0x0000000706000000|  0%| F|  |TAMS 0x0000000705f00000, 0x0000000705f00000| Untracked 
|  66|0x0000000706000000, 0x0000000706000000, 0x0000000706100000|  0%| F|  |TAMS 0x0000000706000000, 0x0000000706000000| Untracked 
|  67|0x0000000706100000, 0x0000000706100000, 0x0000000706200000|  0%| F|  |TAMS 0x0000000706100000, 0x0000000706100000| Untracked 
|  68|0x0000000706200000, 0x0000000706200000, 0x0000000706300000|  0%| F|  |TAMS 0x0000000706200000, 0x0000000706200000| Untracked 
|  69|0x0000000706300000, 0x0000000706300000, 0x0000000706400000|  0%| F|  |TAMS 0x0000000706300000, 0x0000000706300000| Untracked 
|  70|0x0000000706400000, 0x0000000706400000, 0x0000000706500000|  0%| F|  |TAMS 0x0000000706400000, 0x0000000706400000| Untracked 
|  71|0x0000000706500000, 0x0000000706500000, 0x0000000706600000|  0%| F|  |TAMS 0x0000000706500000, 0x0000000706500000| Untracked 
|  72|0x0000000706600000, 0x0000000706600000, 0x0000000706700000|  0%| F|  |TAMS 0x0000000706600000, 0x0000000706600000| Untracked 
|  73|0x0000000706700000, 0x0000000706700000, 0x0000000706800000|  0%| F|  |TAMS 0x0000000706700000, 0x0000000706700000| Untracked 
|  74|0x0000000706800000, 0x0000000706800000, 0x0000000706900000|  0%| F|  |TAMS 0x0000000706800000, 0x0000000706800000| Untracked 
|  75|0x0000000706900000, 0x0000000706900000, 0x0000000706a00000|  0%| F|  |TAMS 0x0000000706900000, 0x0000000706900000| Untracked 
|  76|0x0000000706a00000, 0x0000000706a00000, 0x0000000706b00000|  0%| F|  |TAMS 0x0000000706a00000, 0x0000000706a00000| Untracked 
|  77|0x0000000706b00000, 0x0000000706b00000, 0x0000000706c00000|  0%| F|  |TAMS 0x0000000706b00000, 0x0000000706b00000| Untracked 
|  78|0x0000000706c00000, 0x0000000706c00000, 0x0000000706d00000|  0%| F|  |TAMS 0x0000000706c00000, 0x0000000706c00000| Untracked 
|  79|0x0000000706d00000, 0x0000000706d00000, 0x0000000706e00000|  0%| F|  |TAMS 0x0000000706d00000, 0x0000000706d00000| Untracked 
|  80|0x0000000706e00000, 0x0000000706e00000, 0x0000000706f00000|  0%| F|  |TAMS 0x0000000706e00000, 0x0000000706e00000| Untracked 
|  81|0x0000000706f00000, 0x0000000706f00000, 0x0000000707000000|  0%| F|  |TAMS 0x0000000706f00000, 0x0000000706f00000| Untracked 
|  82|0x0000000707000000, 0x0000000707000000, 0x0000000707100000|  0%| F|  |TAMS 0x0000000707000000, 0x0000000707000000| Untracked 
|  83|0x0000000707100000, 0x0000000707100000, 0x0000000707200000|  0%| F|  |TAMS 0x0000000707100000, 0x0000000707100000| Untracked 
|  84|0x0000000707200000, 0x0000000707200000, 0x0000000707300000|  0%| F|  |TAMS 0x0000000707200000, 0x0000000707200000| Untracked 
|  85|0x0000000707300000, 0x0000000707300000, 0x0000000707400000|  0%| F|  |TAMS 0x0000000707300000, 0x0000000707300000| Untracked 
|  86|0x0000000707400000, 0x0000000707400000, 0x0000000707500000|  0%| F|  |TAMS 0x0000000707400000, 0x0000000707400000| Untracked 
|  87|0x0000000707500000, 0x0000000707500000, 0x0000000707600000|  0%| F|  |TAMS 0x0000000707500000, 0x0000000707500000| Untracked 
|  88|0x0000000707600000, 0x0000000707600000, 0x0000000707700000|  0%| F|  |TAMS 0x0000000707600000, 0x0000000707600000| Untracked 
|  89|0x0000000707700000, 0x0000000707700000, 0x0000000707800000|  0%| F|  |TAMS 0x0000000707700000, 0x0000000707700000| Untracked 
|  90|0x0000000707800000, 0x0000000707800000, 0x0000000707900000|  0%| F|  |TAMS 0x0000000707800000, 0x0000000707800000| Untracked 
|  91|0x0000000707900000, 0x0000000707900000, 0x0000000707a00000|  0%| F|  |TAMS 0x0000000707900000, 0x0000000707900000| Untracked 
|  92|0x0000000707a00000, 0x0000000707a00000, 0x0000000707b00000|  0%| F|  |TAMS 0x0000000707a00000, 0x0000000707a00000| Untracked 
|  93|0x0000000707b00000, 0x0000000707b00000, 0x0000000707c00000|  0%| F|  |TAMS 0x0000000707b00000, 0x0000000707b00000| Untracked 
|  94|0x0000000707c00000, 0x0000000707c00000, 0x0000000707d00000|  0%| F|  |TAMS 0x0000000707c00000, 0x0000000707c00000| Untracked 
|  95|0x0000000707d00000, 0x0000000707d00000, 0x0000000707e00000|  0%| F|  |TAMS 0x0000000707d00000, 0x0000000707d00000| Untracked 
|  96|0x0000000707e00000, 0x0000000707e00000, 0x0000000707f00000|  0%| F|  |TAMS 0x0000000707e00000, 0x0000000707e00000| Untracked 
|  97|0x0000000707f00000, 0x0000000707f00000, 0x0000000708000000|  0%| F|  |TAMS 0x0000000707f00000, 0x0000000707f00000| Untracked 
|  98|0x0000000708000000, 0x0000000708000000, 0x0000000708100000|  0%| F|  |TAMS 0x0000000708000000, 0x0000000708000000| Untracked 
|  99|0x0000000708100000, 0x0000000708100000, 0x0000000708200000|  0%| F|  |TAMS 0x0000000708100000, 0x0000000708100000| Untracked 
| 100|0x0000000708200000, 0x0000000708200000, 0x0000000708300000|  0%| F|  |TAMS 0x0000000708200000, 0x0000000708200000| Untracked 
| 101|0x0000000708300000, 0x0000000708300000, 0x0000000708400000|  0%| F|  |TAMS 0x0000000708300000, 0x0000000708300000| Untracked 
| 102|0x0000000708400000, 0x0000000708400000, 0x0000000708500000|  0%| F|  |TAMS 0x0000000708400000, 0x0000000708400000| Untracked 
| 103|0x0000000708500000, 0x0000000708500000, 0x0000000708600000|  0%| F|  |TAMS 0x0000000708500000, 0x0000000708500000| Untracked 
| 104|0x0000000708600000, 0x0000000708600000, 0x0000000708700000|  0%| F|  |TAMS 0x0000000708600000, 0x0000000708600000| Untracked 
| 105|0x0000000708700000, 0x0000000708700000, 0x0000000708800000|  0%| F|  |TAMS 0x0000000708700000, 0x0000000708700000| Untracked 
| 106|0x0000000708800000, 0x0000000708800000, 0x0000000708900000|  0%| F|  |TAMS 0x0000000708800000, 0x0000000708800000| Untracked 
| 107|0x0000000708900000, 0x0000000708900000, 0x0000000708a00000|  0%| F|  |TAMS 0x0000000708900000, 0x0000000708900000| Untracked 
| 108|0x0000000708a00000, 0x0000000708a00000, 0x0000000708b00000|  0%| F|  |TAMS 0x0000000708a00000, 0x0000000708a00000| Untracked 
| 109|0x0000000708b00000, 0x0000000708b00000, 0x0000000708c00000|  0%| F|  |TAMS 0x0000000708b00000, 0x0000000708b00000| Untracked 
| 110|0x0000000708c00000, 0x0000000708c00000, 0x0000000708d00000|  0%| F|  |TAMS 0x0000000708c00000, 0x0000000708c00000| Untracked 
| 111|0x0000000708d00000, 0x0000000708d00000, 0x0000000708e00000|  0%| F|  |TAMS 0x0000000708d00000, 0x0000000708d00000| Untracked 
| 112|0x0000000708e00000, 0x0000000708e00000, 0x0000000708f00000|  0%| F|  |TAMS 0x0000000708e00000, 0x0000000708e00000| Untracked 
| 113|0x0000000708f00000, 0x0000000708f00000, 0x0000000709000000|  0%| F|  |TAMS 0x0000000708f00000, 0x0000000708f00000| Untracked 
| 114|0x0000000709000000, 0x0000000709000000, 0x0000000709100000|  0%| F|  |TAMS 0x0000000709000000, 0x0000000709000000| Untracked 
| 115|0x0000000709100000, 0x0000000709100000, 0x0000000709200000|  0%| F|  |TAMS 0x0000000709100000, 0x0000000709100000| Untracked 
| 116|0x0000000709200000, 0x0000000709200000, 0x0000000709300000|  0%| F|  |TAMS 0x0000000709200000, 0x0000000709200000| Untracked 
| 117|0x0000000709300000, 0x0000000709300000, 0x0000000709400000|  0%| F|  |TAMS 0x0000000709300000, 0x0000000709300000| Untracked 
| 118|0x0000000709400000, 0x0000000709400000, 0x0000000709500000|  0%| F|  |TAMS 0x0000000709400000, 0x0000000709400000| Untracked 
| 119|0x0000000709500000, 0x0000000709500000, 0x0000000709600000|  0%| F|  |TAMS 0x0000000709500000, 0x0000000709500000| Untracked 
| 120|0x0000000709600000, 0x0000000709600000, 0x0000000709700000|  0%| F|  |TAMS 0x0000000709600000, 0x0000000709600000| Untracked 
| 121|0x0000000709700000, 0x0000000709700000, 0x0000000709800000|  0%| F|  |TAMS 0x0000000709700000, 0x0000000709700000| Untracked 
| 122|0x0000000709800000, 0x0000000709800000, 0x0000000709900000|  0%| F|  |TAMS 0x0000000709800000, 0x0000000709800000| Untracked 
| 123|0x0000000709900000, 0x0000000709900000, 0x0000000709a00000|  0%| F|  |TAMS 0x0000000709900000, 0x0000000709900000| Untracked 
| 124|0x0000000709a00000, 0x0000000709a00000, 0x0000000709b00000|  0%| F|  |TAMS 0x0000000709a00000, 0x0000000709a00000| Untracked 
| 125|0x0000000709b00000, 0x0000000709b00000, 0x0000000709c00000|  0%| F|  |TAMS 0x0000000709b00000, 0x0000000709b00000| Untracked 
| 126|0x0000000709c00000, 0x0000000709c00000, 0x0000000709d00000|  0%| F|  |TAMS 0x0000000709c00000, 0x0000000709c00000| Untracked 
| 127|0x0000000709d00000, 0x0000000709d00000, 0x0000000709e00000|  0%| F|  |TAMS 0x0000000709d00000, 0x0000000709d00000| Untracked 
| 128|0x0000000709e00000, 0x0000000709e00000, 0x0000000709f00000|  0%| F|  |TAMS 0x0000000709e00000, 0x0000000709e00000| Untracked 
| 129|0x0000000709f00000, 0x0000000709f00000, 0x000000070a000000|  0%| F|  |TAMS 0x0000000709f00000, 0x0000000709f00000| Untracked 
| 130|0x000000070a000000, 0x000000070a000000, 0x000000070a100000|  0%| F|  |TAMS 0x000000070a000000, 0x000000070a000000| Untracked 
| 131|0x000000070a100000, 0x000000070a100000, 0x000000070a200000|  0%| F|  |TAMS 0x000000070a100000, 0x000000070a100000| Untracked 
| 132|0x000000070a200000, 0x000000070a200000, 0x000000070a300000|  0%| F|  |TAMS 0x000000070a200000, 0x000000070a200000| Untracked 
| 133|0x000000070a300000, 0x000000070a300000, 0x000000070a400000|  0%| F|  |TAMS 0x000000070a300000, 0x000000070a300000| Untracked 
| 134|0x000000070a400000, 0x000000070a400000, 0x000000070a500000|  0%| F|  |TAMS 0x000000070a400000, 0x000000070a400000| Untracked 
| 135|0x000000070a500000, 0x000000070a500000, 0x000000070a600000|  0%| F|  |TAMS 0x000000070a500000, 0x000000070a500000| Untracked 
| 136|0x000000070a600000, 0x000000070a600000, 0x000000070a700000|  0%| F|  |TAMS 0x000000070a600000, 0x000000070a600000| Untracked 
| 137|0x000000070a700000, 0x000000070a700000, 0x000000070a800000|  0%| F|  |TAMS 0x000000070a700000, 0x000000070a700000| Untracked 
| 138|0x000000070a800000, 0x000000070a800000, 0x000000070a900000|  0%| F|  |TAMS 0x000000070a800000, 0x000000070a800000| Untracked 
| 139|0x000000070a900000, 0x000000070a900000, 0x000000070aa00000|  0%| F|  |TAMS 0x000000070a900000, 0x000000070a900000| Untracked 
| 140|0x000000070aa00000, 0x000000070aa00000, 0x000000070ab00000|  0%| F|  |TAMS 0x000000070aa00000, 0x000000070aa00000| Untracked 
| 141|0x000000070ab00000, 0x000000070ab00000, 0x000000070ac00000|  0%| F|  |TAMS 0x000000070ab00000, 0x000000070ab00000| Untracked 
| 142|0x000000070ac00000, 0x000000070ac00000, 0x000000070ad00000|  0%| F|  |TAMS 0x000000070ac00000, 0x000000070ac00000| Untracked 
| 143|0x000000070ad00000, 0x000000070ad00000, 0x000000070ae00000|  0%| F|  |TAMS 0x000000070ad00000, 0x000000070ad00000| Untracked 
| 144|0x000000070ae00000, 0x000000070ae00000, 0x000000070af00000|  0%| F|  |TAMS 0x000000070ae00000, 0x000000070ae00000| Untracked 
| 145|0x000000070af00000, 0x000000070af00000, 0x000000070b000000|  0%| F|  |TAMS 0x000000070af00000, 0x000000070af00000| Untracked 
| 146|0x000000070b000000, 0x000000070b000000, 0x000000070b100000|  0%| F|  |TAMS 0x000000070b000000, 0x000000070b000000| Untracked 
| 147|0x000000070b100000, 0x000000070b100000, 0x000000070b200000|  0%| F|  |TAMS 0x000000070b100000, 0x000000070b100000| Untracked 
| 148|0x000000070b200000, 0x000000070b200000, 0x000000070b300000|  0%| F|  |TAMS 0x000000070b200000, 0x000000070b200000| Untracked 
| 149|0x000000070b300000, 0x000000070b300000, 0x000000070b400000|  0%| F|  |TAMS 0x000000070b300000, 0x000000070b300000| Untracked 
| 150|0x000000070b400000, 0x000000070b400000, 0x000000070b500000|  0%| F|  |TAMS 0x000000070b400000, 0x000000070b400000| Untracked 
| 151|0x000000070b500000, 0x000000070b500000, 0x000000070b600000|  0%| F|  |TAMS 0x000000070b500000, 0x000000070b500000| Untracked 
| 152|0x000000070b600000, 0x000000070b600000, 0x000000070b700000|  0%| F|  |TAMS 0x000000070b600000, 0x000000070b600000| Untracked 
| 153|0x000000070b700000, 0x000000070b700000, 0x000000070b800000|  0%| F|  |TAMS 0x000000070b700000, 0x000000070b700000| Untracked 
| 154|0x000000070b800000, 0x000000070b800000, 0x000000070b900000|  0%| F|  |TAMS 0x000000070b800000, 0x000000070b800000| Untracked 
| 155|0x000000070b900000, 0x000000070b900000, 0x000000070ba00000|  0%| F|  |TAMS 0x000000070b900000, 0x000000070b900000| Untracked 
| 156|0x000000070ba00000, 0x000000070ba00000, 0x000000070bb00000|  0%| F|  |TAMS 0x000000070ba00000, 0x000000070ba00000| Untracked 
| 157|0x000000070bb00000, 0x000000070bb00000, 0x000000070bc00000|  0%| F|  |TAMS 0x000000070bb00000, 0x000000070bb00000| Untracked 
| 158|0x000000070bc00000, 0x000000070bc00000, 0x000000070bd00000|  0%| F|  |TAMS 0x000000070bc00000, 0x000000070bc00000| Untracked 
| 159|0x000000070bd00000, 0x000000070bd00000, 0x000000070be00000|  0%| F|  |TAMS 0x000000070bd00000, 0x000000070bd00000| Untracked 
| 160|0x000000070be00000, 0x000000070be00000, 0x000000070bf00000|  0%| F|  |TAMS 0x000000070be00000, 0x000000070be00000| Untracked 
| 161|0x000000070bf00000, 0x000000070bf00000, 0x000000070c000000|  0%| F|  |TAMS 0x000000070bf00000, 0x000000070bf00000| Untracked 
| 162|0x000000070c000000, 0x000000070c000000, 0x000000070c100000|  0%| F|  |TAMS 0x000000070c000000, 0x000000070c000000| Untracked 
| 163|0x000000070c100000, 0x000000070c100000, 0x000000070c200000|  0%| F|  |TAMS 0x000000070c100000, 0x000000070c100000| Untracked 
| 164|0x000000070c200000, 0x000000070c200000, 0x000000070c300000|  0%| F|  |TAMS 0x000000070c200000, 0x000000070c200000| Untracked 
| 165|0x000000070c300000, 0x000000070c300000, 0x000000070c400000|  0%| F|  |TAMS 0x000000070c300000, 0x000000070c300000| Untracked 
| 166|0x000000070c400000, 0x000000070c400000, 0x000000070c500000|  0%| F|  |TAMS 0x000000070c400000, 0x000000070c400000| Untracked 
| 167|0x000000070c500000, 0x000000070c500000, 0x000000070c600000|  0%| F|  |TAMS 0x000000070c500000, 0x000000070c500000| Untracked 
| 168|0x000000070c600000, 0x000000070c600000, 0x000000070c700000|  0%| F|  |TAMS 0x000000070c600000, 0x000000070c600000| Untracked 
| 169|0x000000070c700000, 0x000000070c700000, 0x000000070c800000|  0%| F|  |TAMS 0x000000070c700000, 0x000000070c700000| Untracked 
| 170|0x000000070c800000, 0x000000070c800000, 0x000000070c900000|  0%| F|  |TAMS 0x000000070c800000, 0x000000070c800000| Untracked 
| 171|0x000000070c900000, 0x000000070c900000, 0x000000070ca00000|  0%| F|  |TAMS 0x000000070c900000, 0x000000070c900000| Untracked 
| 172|0x000000070ca00000, 0x000000070ca00000, 0x000000070cb00000|  0%| F|  |TAMS 0x000000070ca00000, 0x000000070ca00000| Untracked 
| 173|0x000000070cb00000, 0x000000070cb00000, 0x000000070cc00000|  0%| F|  |TAMS 0x000000070cb00000, 0x000000070cb00000| Untracked 
| 174|0x000000070cc00000, 0x000000070cc00000, 0x000000070cd00000|  0%| F|  |TAMS 0x000000070cc00000, 0x000000070cc00000| Untracked 
| 175|0x000000070cd00000, 0x000000070cd00000, 0x000000070ce00000|  0%| F|  |TAMS 0x000000070cd00000, 0x000000070cd00000| Untracked 
| 176|0x000000070ce00000, 0x000000070ce00000, 0x000000070cf00000|  0%| F|  |TAMS 0x000000070ce00000, 0x000000070ce00000| Untracked 
| 177|0x000000070cf00000, 0x000000070cf00000, 0x000000070d000000|  0%| F|  |TAMS 0x000000070cf00000, 0x000000070cf00000| Untracked 
| 178|0x000000070d000000, 0x000000070d000000, 0x000000070d100000|  0%| F|  |TAMS 0x000000070d000000, 0x000000070d000000| Untracked 
| 179|0x000000070d100000, 0x000000070d100000, 0x000000070d200000|  0%| F|  |TAMS 0x000000070d100000, 0x000000070d100000| Untracked 
| 180|0x000000070d200000, 0x000000070d200000, 0x000000070d300000|  0%| F|  |TAMS 0x000000070d200000, 0x000000070d200000| Untracked 
| 181|0x000000070d300000, 0x000000070d300000, 0x000000070d400000|  0%| F|  |TAMS 0x000000070d300000, 0x000000070d300000| Untracked 
| 182|0x000000070d400000, 0x000000070d400000, 0x000000070d500000|  0%| F|  |TAMS 0x000000070d400000, 0x000000070d400000| Untracked 
| 183|0x000000070d500000, 0x000000070d500000, 0x000000070d600000|  0%| F|  |TAMS 0x000000070d500000, 0x000000070d500000| Untracked 
| 184|0x000000070d600000, 0x000000070d600000, 0x000000070d700000|  0%| F|  |TAMS 0x000000070d600000, 0x000000070d600000| Untracked 
| 185|0x000000070d700000, 0x000000070d700000, 0x000000070d800000|  0%| F|  |TAMS 0x000000070d700000, 0x000000070d700000| Untracked 
| 186|0x000000070d800000, 0x000000070d800000, 0x000000070d900000|  0%| F|  |TAMS 0x000000070d800000, 0x000000070d800000| Untracked 
| 187|0x000000070d900000, 0x000000070d900000, 0x000000070da00000|  0%| F|  |TAMS 0x000000070d900000, 0x000000070d900000| Untracked 
| 188|0x000000070da00000, 0x000000070da00000, 0x000000070db00000|  0%| F|  |TAMS 0x000000070da00000, 0x000000070da00000| Untracked 
| 189|0x000000070db00000, 0x000000070db00000, 0x000000070dc00000|  0%| F|  |TAMS 0x000000070db00000, 0x000000070db00000| Untracked 
| 190|0x000000070dc00000, 0x000000070dc00000, 0x000000070dd00000|  0%| F|  |TAMS 0x000000070dc00000, 0x000000070dc00000| Untracked 
| 191|0x000000070dd00000, 0x000000070dd00000, 0x000000070de00000|  0%| F|  |TAMS 0x000000070dd00000, 0x000000070dd00000| Untracked 
| 192|0x000000070de00000, 0x000000070de00000, 0x000000070df00000|  0%| F|  |TAMS 0x000000070de00000, 0x000000070de00000| Untracked 
| 193|0x000000070df00000, 0x000000070df00000, 0x000000070e000000|  0%| F|  |TAMS 0x000000070df00000, 0x000000070df00000| Untracked 
| 194|0x000000070e000000, 0x000000070e000000, 0x000000070e100000|  0%| F|  |TAMS 0x000000070e000000, 0x000000070e000000| Untracked 
| 195|0x000000070e100000, 0x000000070e100000, 0x000000070e200000|  0%| F|  |TAMS 0x000000070e100000, 0x000000070e100000| Untracked 
| 196|0x000000070e200000, 0x000000070e200000, 0x000000070e300000|  0%| F|  |TAMS 0x000000070e200000, 0x000000070e200000| Untracked 
| 197|0x000000070e300000, 0x000000070e300000, 0x000000070e400000|  0%| F|  |TAMS 0x000000070e300000, 0x000000070e300000| Untracked 
| 198|0x000000070e400000, 0x000000070e400000, 0x000000070e500000|  0%| F|  |TAMS 0x000000070e400000, 0x000000070e400000| Untracked 
| 199|0x000000070e500000, 0x000000070e500000, 0x000000070e600000|  0%| F|  |TAMS 0x000000070e500000, 0x000000070e500000| Untracked 
| 200|0x000000070e600000, 0x000000070e600000, 0x000000070e700000|  0%| F|  |TAMS 0x000000070e600000, 0x000000070e600000| Untracked 
| 201|0x000000070e700000, 0x000000070e700000, 0x000000070e800000|  0%| F|  |TAMS 0x000000070e700000, 0x000000070e700000| Untracked 
| 202|0x000000070e800000, 0x000000070e800000, 0x000000070e900000|  0%| F|  |TAMS 0x000000070e800000, 0x000000070e800000| Untracked 
| 203|0x000000070e900000, 0x000000070e900000, 0x000000070ea00000|  0%| F|  |TAMS 0x000000070e900000, 0x000000070e900000| Untracked 
| 204|0x000000070ea00000, 0x000000070ea00000, 0x000000070eb00000|  0%| F|  |TAMS 0x000000070ea00000, 0x000000070ea00000| Untracked 
| 205|0x000000070eb00000, 0x000000070eb00000, 0x000000070ec00000|  0%| F|  |TAMS 0x000000070eb00000, 0x000000070eb00000| Untracked 
| 206|0x000000070ec00000, 0x000000070ec00000, 0x000000070ed00000|  0%| F|  |TAMS 0x000000070ec00000, 0x000000070ec00000| Untracked 
| 207|0x000000070ed00000, 0x000000070ed00000, 0x000000070ee00000|  0%| F|  |TAMS 0x000000070ed00000, 0x000000070ed00000| Untracked 
| 208|0x000000070ee00000, 0x000000070ee00000, 0x000000070ef00000|  0%| F|  |TAMS 0x000000070ee00000, 0x000000070ee00000| Untracked 
| 209|0x000000070ef00000, 0x000000070ef00000, 0x000000070f000000|  0%| F|  |TAMS 0x000000070ef00000, 0x000000070ef00000| Untracked 
| 210|0x000000070f000000, 0x000000070f000000, 0x000000070f100000|  0%| F|  |TAMS 0x000000070f000000, 0x000000070f000000| Untracked 
| 211|0x000000070f100000, 0x000000070f100000, 0x000000070f200000|  0%| F|  |TAMS 0x000000070f100000, 0x000000070f100000| Untracked 
| 212|0x000000070f200000, 0x000000070f200000, 0x000000070f300000|  0%| F|  |TAMS 0x000000070f200000, 0x000000070f200000| Untracked 
| 213|0x000000070f300000, 0x000000070f300000, 0x000000070f400000|  0%| F|  |TAMS 0x000000070f300000, 0x000000070f300000| Untracked 
| 214|0x000000070f400000, 0x000000070f400000, 0x000000070f500000|  0%| F|  |TAMS 0x000000070f400000, 0x000000070f400000| Untracked 
| 215|0x000000070f500000, 0x000000070f500000, 0x000000070f600000|  0%| F|  |TAMS 0x000000070f500000, 0x000000070f500000| Untracked 
| 216|0x000000070f600000, 0x000000070f600000, 0x000000070f700000|  0%| F|  |TAMS 0x000000070f600000, 0x000000070f600000| Untracked 
| 217|0x000000070f700000, 0x000000070f700000, 0x000000070f800000|  0%| F|  |TAMS 0x000000070f700000, 0x000000070f700000| Untracked 
| 218|0x000000070f800000, 0x000000070f800000, 0x000000070f900000|  0%| F|  |TAMS 0x000000070f800000, 0x000000070f800000| Untracked 
| 219|0x000000070f900000, 0x000000070f900000, 0x000000070fa00000|  0%| F|  |TAMS 0x000000070f900000, 0x000000070f900000| Untracked 
| 220|0x000000070fa00000, 0x000000070fa00000, 0x000000070fb00000|  0%| F|  |TAMS 0x000000070fa00000, 0x000000070fa00000| Untracked 
| 221|0x000000070fb00000, 0x000000070fb00000, 0x000000070fc00000|  0%| F|  |TAMS 0x000000070fb00000, 0x000000070fb00000| Untracked 
| 222|0x000000070fc00000, 0x000000070fc00000, 0x000000070fd00000|  0%| F|  |TAMS 0x000000070fc00000, 0x000000070fc00000| Untracked 
| 223|0x000000070fd00000, 0x000000070fd00000, 0x000000070fe00000|  0%| F|  |TAMS 0x000000070fd00000, 0x000000070fd00000| Untracked 
| 224|0x000000070fe00000, 0x000000070fe00000, 0x000000070ff00000|  0%| F|  |TAMS 0x000000070fe00000, 0x000000070fe00000| Untracked 
| 225|0x000000070ff00000, 0x000000070ff00000, 0x0000000710000000|  0%| F|  |TAMS 0x000000070ff00000, 0x000000070ff00000| Untracked 
| 226|0x0000000710000000, 0x0000000710000000, 0x0000000710100000|  0%| F|  |TAMS 0x0000000710000000, 0x0000000710000000| Untracked 
| 227|0x0000000710100000, 0x0000000710100000, 0x0000000710200000|  0%| F|  |TAMS 0x0000000710100000, 0x0000000710100000| Untracked 
| 228|0x0000000710200000, 0x0000000710200000, 0x0000000710300000|  0%| F|  |TAMS 0x0000000710200000, 0x0000000710200000| Untracked 
| 229|0x0000000710300000, 0x0000000710300000, 0x0000000710400000|  0%| F|  |TAMS 0x0000000710300000, 0x0000000710300000| Untracked 
| 230|0x0000000710400000, 0x0000000710400000, 0x0000000710500000|  0%| F|  |TAMS 0x0000000710400000, 0x0000000710400000| Untracked 
| 231|0x0000000710500000, 0x0000000710500000, 0x0000000710600000|  0%| F|  |TAMS 0x0000000710500000, 0x0000000710500000| Untracked 
| 232|0x0000000710600000, 0x0000000710600000, 0x0000000710700000|  0%| F|  |TAMS 0x0000000710600000, 0x0000000710600000| Untracked 
| 233|0x0000000710700000, 0x0000000710700000, 0x0000000710800000|  0%| F|  |TAMS 0x0000000710700000, 0x0000000710700000| Untracked 
| 234|0x0000000710800000, 0x0000000710800000, 0x0000000710900000|  0%| F|  |TAMS 0x0000000710800000, 0x0000000710800000| Untracked 
| 235|0x0000000710900000, 0x0000000710900000, 0x0000000710a00000|  0%| F|  |TAMS 0x0000000710900000, 0x0000000710900000| Untracked 
| 236|0x0000000710a00000, 0x0000000710a00000, 0x0000000710b00000|  0%| F|  |TAMS 0x0000000710a00000, 0x0000000710a00000| Untracked 
| 237|0x0000000710b00000, 0x0000000710b00000, 0x0000000710c00000|  0%| F|  |TAMS 0x0000000710b00000, 0x0000000710b00000| Untracked 
| 238|0x0000000710c00000, 0x0000000710c00000, 0x0000000710d00000|  0%| F|  |TAMS 0x0000000710c00000, 0x0000000710c00000| Untracked 
| 239|0x0000000710d00000, 0x0000000710d00000, 0x0000000710e00000|  0%| F|  |TAMS 0x0000000710d00000, 0x0000000710d00000| Untracked 
| 240|0x0000000710e00000, 0x0000000710e00000, 0x0000000710f00000|  0%| F|  |TAMS 0x0000000710e00000, 0x0000000710e00000| Untracked 
| 241|0x0000000710f00000, 0x0000000710f00000, 0x0000000711000000|  0%| F|  |TAMS 0x0000000710f00000, 0x0000000710f00000| Untracked 
| 242|0x0000000711000000, 0x0000000711000000, 0x0000000711100000|  0%| F|  |TAMS 0x0000000711000000, 0x0000000711000000| Untracked 
| 243|0x0000000711100000, 0x0000000711100000, 0x0000000711200000|  0%| F|  |TAMS 0x0000000711100000, 0x0000000711100000| Untracked 
| 244|0x0000000711200000, 0x0000000711200000, 0x0000000711300000|  0%| F|  |TAMS 0x0000000711200000, 0x0000000711200000| Untracked 
| 245|0x0000000711300000, 0x0000000711300000, 0x0000000711400000|  0%| F|  |TAMS 0x0000000711300000, 0x0000000711300000| Untracked 
| 246|0x0000000711400000, 0x0000000711400000, 0x0000000711500000|  0%| F|  |TAMS 0x0000000711400000, 0x0000000711400000| Untracked 
| 247|0x0000000711500000, 0x0000000711500000, 0x0000000711600000|  0%| F|  |TAMS 0x0000000711500000, 0x0000000711500000| Untracked 
| 248|0x0000000711600000, 0x0000000711600000, 0x0000000711700000|  0%| F|  |TAMS 0x0000000711600000, 0x0000000711600000| Untracked 
| 249|0x0000000711700000, 0x0000000711700000, 0x0000000711800000|  0%| F|  |TAMS 0x0000000711700000, 0x0000000711700000| Untracked 
| 250|0x0000000711800000, 0x0000000711800800, 0x0000000711900000|  0%| E|  |TAMS 0x0000000711800000, 0x0000000711800000| Complete 
| 251|0x0000000711900000, 0x0000000711a00000, 0x0000000711a00000|100%| E|CS|TAMS 0x0000000711900000, 0x0000000711900000| Complete 
| 252|0x0000000711a00000, 0x0000000711b00000, 0x0000000711b00000|100%| E|CS|TAMS 0x0000000711a00000, 0x0000000711a00000| Complete 
| 253|0x0000000711b00000, 0x0000000711c00000, 0x0000000711c00000|100%| E|CS|TAMS 0x0000000711b00000, 0x0000000711b00000| Complete 
| 254|0x0000000711c00000, 0x0000000711d00000, 0x0000000711d00000|100%| E|CS|TAMS 0x0000000711c00000, 0x0000000711c00000| Complete 
| 255|0x0000000711d00000, 0x0000000711e00000, 0x0000000711e00000|100%| E|CS|TAMS 0x0000000711d00000, 0x0000000711d00000| Complete 

Card table byte_map: [0x0000020f7e260000,0x0000020f7ea60000] _byte_map_base: 0x0000020f7aa51000

Marking Bits (Prev, Next): (CMBitMap*) 0x0000020f7d305b38, (CMBitMap*) 0x0000020f7d305b78
 Prev Bits: [0x0000020f12bf0000, 0x0000020f16b78000)
 Next Bits: [0x0000020f16b80000, 0x0000020f1ab08000)

Polling page: 0x0000020f7c0a0000

Metaspace:

Usage:
  Non-class:      8.12 MB capacity,     8.05 MB (>99%) used,    63.58 KB ( <1%) free+waste,     6.75 KB ( <1%) overhead. 
      Class:    836.00 KB capacity,   795.75 KB ( 95%) used,    37.63 KB (  5%) free+waste,     2.63 KB ( <1%) overhead. 
       Both:      8.94 MB capacity,     8.83 MB ( 99%) used,   101.20 KB (  1%) free+waste,     9.38 KB ( <1%) overhead. 

Virtual space:
  Non-class space:       10.00 MB reserved,       8.25 MB ( 83%) committed 
      Class space:        1.00 GB reserved,     896.00 KB ( <1%) committed 
             Both:        1.01 GB reserved,       9.13 MB ( <1%) committed 

Chunk freelists:
   Non-Class:  4.00 KB
       Class:  28.00 KB
        Both:  32.00 KB

MaxMetaspaceSize: 17179869184.00 GB
CompressedClassSpaceSize: 1.00 GB

CodeHeap 'non-profiled nmethods': size=120000Kb used=125Kb max_used=125Kb free=119874Kb
 bounds [0x0000020f0b6c0000, 0x0000020f0b930000, 0x0000020f12bf0000]
CodeHeap 'profiled nmethods': size=120000Kb used=584Kb max_used=584Kb free=119415Kb
 bounds [0x0000020f04190000, 0x0000020f04400000, 0x0000020f0b6c0000]
CodeHeap 'non-nmethods': size=5760Kb used=1226Kb max_used=1240Kb free=4534Kb
 bounds [0x0000020f03bf0000, 0x0000020f03e60000, 0x0000020f04190000]
 total_blobs=798 nmethods=411 adapters=300
 compilation: enabled
              stopped_count=0, restarted_count=0
 full_count=0

Compilation events (20 events):
Event: 7681.088 Thread 0x0000020f1d4c6000  402       3       java.lang.ref.ReferenceQueue::reallyPoll (65 bytes)
Event: 7681.088 Thread 0x0000020f1d4c6000 nmethod 402 0x0000020f0421e790 code [0x0000020f0421e960, 0x0000020f0421ee98]
Event: 15242.077 Thread 0x0000020f1d4c6000  404   !   3       java.lang.ref.ReferenceQueue::remove (125 bytes)
Event: 15242.078 Thread 0x0000020f1d4c6000 nmethod 404 0x0000020f0421ef90 code [0x0000020f0421f1c0, 0x0000020f0421fad8]
Event: 15302.086 Thread 0x0000020f1d4c6000  405   !   3       jdk.internal.ref.PhantomCleanable::isListEmpty (34 bytes)
Event: 15302.086 Thread 0x0000020f1d4c6000 nmethod 405 0x0000020f0421fe90 code [0x0000020f04220040, 0x0000020f04220378]
Event: 15302.086 Thread 0x0000020f1d4c6000  406       3       jdk.internal.misc.InnocuousThread::eraseThreadLocals (23 bytes)
Event: 15302.086 Thread 0x0000020f1d4c6000 nmethod 406 0x0000020f04220490 code [0x0000020f04220620, 0x0000020f04220818]
Event: 76750.174 Thread 0x0000020f1d4b1800  407       4       jdk.internal.misc.InnocuousThread::eraseThreadLocals (23 bytes)
Event: 76750.175 Thread 0x0000020f1d4b1800 nmethod 407 0x0000020f0b6df490 code [0x0000020f0b6df600, 0x0000020f0b6df718]
Event: 83390.847 Thread 0x0000020f1d4c6000  408       3       org.eclipse.jdt.launching.internal.org.objectweb.asm.SymbolTable::add (39 bytes)
Event: 83390.847 Thread 0x0000020f1d4c6000 nmethod 408 0x0000020f04220890 code [0x0000020f04220a40, 0x0000020f04220db8]
Event: 83390.847 Thread 0x0000020f1d4c6000  409       3       org.eclipse.jdt.launching.internal.org.objectweb.asm.ClassReader::readUtf (161 bytes)
Event: 83390.847 Thread 0x0000020f1d4c6000 nmethod 409 0x0000020f04220f10 code [0x0000020f04221100, 0x0000020f042216f8]
Event: 83390.847 Thread 0x0000020f1d4c6000  410       3       org.eclipse.jdt.launching.internal.org.objectweb.asm.SymbolTable$Entry::<init> (17 bytes)
Event: 83390.847 Thread 0x0000020f1d4c6000 nmethod 410 0x0000020f04221a90 code [0x0000020f04221c40, 0x0000020f04221dc8]
Event: 83390.847 Thread 0x0000020f1d4c6000  412       3       org.eclipse.jdt.launching.internal.org.objectweb.asm.SymbolTable::hash (10 bytes)
Event: 83390.847 Thread 0x0000020f1d4c6000 nmethod 412 0x0000020f04221e90 code [0x0000020f04222040, 0x0000020f04222168]
Event: 83390.847 Thread 0x0000020f1d4c6000  411       3       org.eclipse.jdt.launching.internal.org.objectweb.asm.SymbolTable::addConstantUtf8 (20 bytes)
Event: 83390.849 Thread 0x0000020f1d4c6000 


GC Heap History (0 events):
No events

Deoptimization events (20 events):
Event: 0.315 Thread 0x0000020f7d2c0000 DEOPT PACKING pc=0x0000020f042080ed sp=0x000000e3d05f7a30
Event: 0.315 Thread 0x0000020f7d2c0000 DEOPT UNPACKING pc=0x0000020f03c3964e sp=0x000000e3d05f6ef8 mode 0
Event: 0.315 Thread 0x0000020f7d2c0000 DEOPT PACKING pc=0x0000020f042080ed sp=0x000000e3d05f7a30
Event: 0.315 Thread 0x0000020f7d2c0000 DEOPT UNPACKING pc=0x0000020f03c3964e sp=0x000000e3d05f6ef8 mode 0
Event: 0.316 Thread 0x0000020f7d2c0000 DEOPT PACKING pc=0x0000020f042080ed sp=0x000000e3d05f7a30
Event: 0.316 Thread 0x0000020f7d2c0000 DEOPT UNPACKING pc=0x0000020f03c3964e sp=0x000000e3d05f6ef8 mode 0
Event: 0.316 Thread 0x0000020f7d2c0000 DEOPT PACKING pc=0x0000020f042080ed sp=0x000000e3d05f7a30
Event: 0.316 Thread 0x0000020f7d2c0000 DEOPT UNPACKING pc=0x0000020f03c3964e sp=0x000000e3d05f6ef8 mode 0
Event: 0.316 Thread 0x0000020f7d2c0000 DEOPT PACKING pc=0x0000020f042080ed sp=0x000000e3d05f7a30
Event: 0.316 Thread 0x0000020f7d2c0000 DEOPT UNPACKING pc=0x0000020f03c3964e sp=0x000000e3d05f6ef8 mode 0
Event: 0.316 Thread 0x0000020f7d2c0000 DEOPT PACKING pc=0x0000020f042080ed sp=0x000000e3d05f7a30
Event: 0.316 Thread 0x0000020f7d2c0000 DEOPT UNPACKING pc=0x0000020f03c3964e sp=0x000000e3d05f6ef8 mode 0
Event: 0.318 Thread 0x0000020f7d2c0000 DEOPT PACKING pc=0x0000020f042080ed sp=0x000000e3d05fb510
Event: 0.318 Thread 0x0000020f7d2c0000 DEOPT UNPACKING pc=0x0000020f03c3964e sp=0x000000e3d05fa9d8 mode 0
Event: 0.318 Thread 0x0000020f7d2c0000 DEOPT PACKING pc=0x0000020f042080ed sp=0x000000e3d05fb510
Event: 0.318 Thread 0x0000020f7d2c0000 DEOPT UNPACKING pc=0x0000020f03c3964e sp=0x000000e3d05fa9d8 mode 0
Event: 0.320 Thread 0x0000020f7d2c0000 DEOPT PACKING pc=0x0000020f042080ed sp=0x000000e3d05f79b0
Event: 0.320 Thread 0x0000020f7d2c0000 DEOPT UNPACKING pc=0x0000020f03c3964e sp=0x000000e3d05f6e78 mode 0
Event: 0.321 Thread 0x0000020f7d2c0000 DEOPT PACKING pc=0x0000020f042080ed sp=0x000000e3d05fb440
Event: 0.321 Thread 0x0000020f7d2c0000 DEOPT UNPACKING pc=0x0000020f03c3964e sp=0x000000e3d05fa908 mode 0

Classes unloaded (0 events):
No events

Classes redefined (2 events):
Event: 70.856 Thread 0x0000020f1d452800 redefined class name=net.leseonline.Main, count=1
Event: 83390.848 Thread 0x0000020f1d452800 redefined class name=net.leseonline.Main, count=2

Internal exceptions (0 events):
No events

Events (20 events):
Event: 83390.859 Executing VM operation: ChangeBreakpoints
Event: 83390.859 Executing VM operation: ChangeBreakpoints done
Event: 83390.861 Executing VM operation: GetFrameCount
Event: 83390.861 Executing VM operation: GetFrameCount done
Event: 83390.861 Executing VM operation: GetStackTrace
Event: 83390.861 Executing VM operation: GetStackTrace done
Event: 83390.862 Executing VM operation: GetFrameCount
Event: 83390.862 Executing VM operation: GetFrameCount done
Event: 83390.862 Executing VM operation: SetFramePop
Event: 83390.862 Executing nested VM operation: EnterInterpOnlyMode
Event: 83390.862 Executing nested VM operation: EnterInterpOnlyMode done
Event: 83390.862 Executing VM operation: SetFramePop done
Event: 83390.862 Executing VM operation: GetFrameLocation
Event: 83390.862 Executing VM operation: GetFrameLocation done
Event: 83390.862 Executing VM operation: GetCurrentLocation
Event: 83390.862 Executing VM operation: GetCurrentLocation done
Event: 83390.862 Executing VM operation: ChangeSingleStep
Event: 83390.862 Executing VM operation: ChangeSingleStep done
Event: 83390.863 Executing VM operation: GetFrameLocation
Event: 83390.863 Executing VM operation: GetFrameLocation done


Dynamic libraries:
0x00007ff734f70000 - 0x00007ff734f7d000 	C:\Users\lesem\.p2\pool\plugins\org.eclipse.justj.openjdk.hotspot.jre.full.win32.x86_64_14.0.2.v20200815-0932\jre\bin\javaw.exe
0x00007ffc32830000 - 0x00007ffc32a25000 	C:\WINDOWS\SYSTEM32\ntdll.dll
0x00007ffc31c00000 - 0x00007ffc31cbd000 	C:\WINDOWS\System32\KERNEL32.DLL
0x00007ffc301d0000 - 0x00007ffc30498000 	C:\WINDOWS\System32\KERNELBASE.dll
0x00007ffc300d0000 - 0x00007ffc301d0000 	C:\WINDOWS\System32\ucrtbase.dll
0x00007ffc297f0000 - 0x00007ffc29808000 	C:\Users\lesem\.p2\pool\plugins\org.eclipse.justj.openjdk.hotspot.jre.full.win32.x86_64_14.0.2.v20200815-0932\jre\bin\jli.dll
0x00007ffc27970000 - 0x00007ffc27985000 	C:\Users\lesem\.p2\pool\plugins\org.eclipse.justj.openjdk.hotspot.jre.full.win32.x86_64_14.0.2.v20200815-0932\jre\bin\VCRUNTIME140.dll
0x00007ffc31cc0000 - 0x00007ffc31e60000 	C:\WINDOWS\System32\USER32.dll
0x00007ffc304a0000 - 0x00007ffc304c2000 	C:\WINDOWS\System32\win32u.dll
0x00007ffc31790000 - 0x00007ffc317ba000 	C:\WINDOWS\System32\GDI32.dll
0x00007ffc30640000 - 0x00007ffc3074b000 	C:\WINDOWS\System32\gdi32full.dll
0x00007ffc30800000 - 0x00007ffc3089d000 	C:\WINDOWS\System32\msvcp_win.dll
0x00007ffc13620000 - 0x00007ffc138ba000 	C:\WINDOWS\WinSxS\amd64_microsoft.windows.common-controls_6595b64144ccf1df_6.0.19041.1052_none_60b8f8fd71f5e8cb\COMCTL32.dll
0x00007ffc31b50000 - 0x00007ffc31bee000 	C:\WINDOWS\System32\msvcrt.dll
0x00007ffc312f0000 - 0x00007ffc31320000 	C:\WINDOWS\System32\IMM32.DLL
0x00007ffc1a4c0000 - 0x00007ffc1a6b6000 	C:\WINDOWS\system32\tmumh\20019\AddOn\8.55.0.1053\TmUmEvt64.dll
0x00007ffc31bf0000 - 0x00007ffc31bf8000 	C:\WINDOWS\System32\PSAPI.DLL
0x00007ffc31a10000 - 0x00007ffc31abc000 	C:\WINDOWS\System32\ADVAPI32.dll
0x00007ffc31830000 - 0x00007ffc318cb000 	C:\WINDOWS\System32\sechost.dll
0x00007ffc318d0000 - 0x00007ffc319fb000 	C:\WINDOWS\System32\RPCRT4.dll
0x0000000065fe0000 - 0x0000000066159000 	C:\windows\system32\tmumh\20019\TmMon\2.9.0.1020\tmmon64.dll
0x00007ffc30a50000 - 0x00007ffc30aa5000 	C:\WINDOWS\System32\SHLWAPI.dll
0x00007ffc1ad30000 - 0x00007ffc1adcb000 	C:\Users\lesem\.p2\pool\plugins\org.eclipse.justj.openjdk.hotspot.jre.full.win32.x86_64_14.0.2.v20200815-0932\jre\bin\msvcp140.dll
0x00007ffbcd870000 - 0x00007ffbce38e000 	C:\Users\lesem\.p2\pool\plugins\org.eclipse.justj.openjdk.hotspot.jre.full.win32.x86_64_14.0.2.v20200815-0932\jre\bin\server\jvm.dll
0x00007ffc0e6a0000 - 0x00007ffc0e6a9000 	C:\WINDOWS\SYSTEM32\WSOCK32.dll
0x00007ffc325a0000 - 0x00007ffc3260b000 	C:\WINDOWS\System32\WS2_32.dll
0x00007ffc1f080000 - 0x00007ffc1f0a7000 	C:\WINDOWS\SYSTEM32\WINMM.dll
0x00007ffc2d420000 - 0x00007ffc2d42a000 	C:\WINDOWS\SYSTEM32\VERSION.dll
0x00007ffc2e870000 - 0x00007ffc2e882000 	C:\WINDOWS\SYSTEM32\kernel.appcore.dll
0x00007ffc29940000 - 0x00007ffc2994a000 	C:\Users\lesem\.p2\pool\plugins\org.eclipse.justj.openjdk.hotspot.jre.full.win32.x86_64_14.0.2.v20200815-0932\jre\bin\jimage.dll
0x00007ffc2ddd0000 - 0x00007ffc2dfb4000 	C:\WINDOWS\SYSTEM32\DBGHELP.DLL
0x00007ffc13320000 - 0x00007ffc1334c000 	C:\WINDOWS\SYSTEM32\dbgcore.DLL
0x00007ffc304d0000 - 0x00007ffc30553000 	C:\WINDOWS\System32\bcryptPrimitives.dll
0x00007ffc27730000 - 0x00007ffc27768000 	C:\Users\lesem\.p2\pool\plugins\org.eclipse.justj.openjdk.hotspot.jre.full.win32.x86_64_14.0.2.v20200815-0932\jre\bin\jdwp.dll
0x00007ffc297b0000 - 0x00007ffc297d5000 	C:\Users\lesem\.p2\pool\plugins\org.eclipse.justj.openjdk.hotspot.jre.full.win32.x86_64_14.0.2.v20200815-0932\jre\bin\java.dll
0x00007ffc29c70000 - 0x00007ffc29c7e000 	C:\Users\lesem\.p2\pool\plugins\org.eclipse.justj.openjdk.hotspot.jre.full.win32.x86_64_14.0.2.v20200815-0932\jre\bin\instrument.dll
0x00007ffc27bf0000 - 0x00007ffc27c06000 	C:\Users\lesem\.p2\pool\plugins\org.eclipse.justj.openjdk.hotspot.jre.full.win32.x86_64_14.0.2.v20200815-0932\jre\bin\zip.dll
0x00007ffc30ad0000 - 0x00007ffc3120f000 	C:\WINDOWS\System32\SHELL32.dll
0x00007ffc2e0a0000 - 0x00007ffc2e830000 	C:\WINDOWS\SYSTEM32\windows.storage.dll
0x00007ffc32120000 - 0x00007ffc32475000 	C:\WINDOWS\System32\combase.dll
0x00007ffc2f9e0000 - 0x00007ffc2fa0c000 	C:\WINDOWS\SYSTEM32\Wldp.dll
0x00007ffc31e60000 - 0x00007ffc31f0e000 	C:\WINDOWS\System32\SHCORE.dll
0x00007ffc2feb0000 - 0x00007ffc2fecf000 	C:\WINDOWS\SYSTEM32\profapi.dll
0x00007ffc29b90000 - 0x00007ffc29b9b000 	C:\Users\lesem\.p2\pool\plugins\org.eclipse.justj.openjdk.hotspot.jre.full.win32.x86_64_14.0.2.v20200815-0932\jre\bin\dt_socket.dll
0x00007ffc2f3f0000 - 0x00007ffc2f42b000 	C:\WINDOWS\SYSTEM32\IPHLPAPI.DLL
0x00007ffc2f750000 - 0x00007ffc2f7ba000 	C:\WINDOWS\system32\mswsock.dll
0x00007ffc2f430000 - 0x00007ffc2f4fc000 	C:\WINDOWS\SYSTEM32\DNSAPI.dll
0x00007ffc31a00000 - 0x00007ffc31a08000 	C:\WINDOWS\System32\NSI.dll
0x00007ffc27be0000 - 0x00007ffc27bea000 	C:\Windows\System32\rasadhlp.dll
0x00007ffc1b160000 - 0x00007ffc1b1df000 	C:\WINDOWS\System32\fwpuclnt.dll
0x00007ffc30610000 - 0x00007ffc30637000 	C:\WINDOWS\System32\bcrypt.dll
0x00007ffc27a20000 - 0x00007ffc27a39000 	C:\Users\lesem\.p2\pool\plugins\org.eclipse.justj.openjdk.hotspot.jre.full.win32.x86_64_14.0.2.v20200815-0932\jre\bin\net.dll
0x00007ffc1ece0000 - 0x00007ffc1edeb000 	C:\WINDOWS\SYSTEM32\WINHTTP.dll
0x00007ffc27900000 - 0x00007ffc27912000 	C:\Users\lesem\.p2\pool\plugins\org.eclipse.justj.openjdk.hotspot.jre.full.win32.x86_64_14.0.2.v20200815-0932\jre\bin\nio.dll
0x00007ffc278f0000 - 0x00007ffc27900000 	C:\Users\lesem\.p2\pool\plugins\org.eclipse.justj.openjdk.hotspot.jre.full.win32.x86_64_14.0.2.v20200815-0932\jre\bin\verify.dll

dbghelp: loaded successfully - version: 4.0.5 - missing functions: none
symbol engine: initialized successfully - sym options: 0x614 - pdb path: .;C:\Users\lesem\.p2\pool\plugins\org.eclipse.justj.openjdk.hotspot.jre.full.win32.x86_64_14.0.2.v20200815-0932\jre\bin;C:\WINDOWS\SYSTEM32;C:\WINDOWS\WinSxS\amd64_microsoft.windows.common-controls_6595b64144ccf1df_6.0.19041.1052_none_60b8f8fd71f5e8cb;C:\WINDOWS\system32\tmumh\20019\AddOn\8.55.0.1053;C:\windows\system32\tmumh\20019\TmMon\2.9.0.1020;C:\Users\lesem\.p2\pool\plugins\org.eclipse.justj.openjdk.hotspot.jre.full.win32.x86_64_14.0.2.v20200815-0932\jre\bin\server

VM Arguments:
jvm_args: -XX:+ShowCodeDetailsInExceptionMessages -agentlib:jdwp=transport=dt_socket,suspend=y,address=localhost:64506 -javaagent:D:\utils\eclipse\jee-2020-09\eclipse\configuration\org.eclipse.osgi\406\0\.cp\lib\javaagent-shaded.jar -Dfile.encoding=Cp1252 
java_command: net.leseonline.Main
java_class_path (initial): D:\Users\lesem\eclipse-workspace\SimpleDES\bin
Launcher Type: SUN_STANDARD

[Global flags]
     intx CICompilerCount                          = 4                                         {product} {ergonomic}
     uint ConcGCThreads                            = 3                                         {product} {ergonomic}
     uint G1ConcRefinementThreads                  = 10                                        {product} {ergonomic}
   size_t G1HeapRegionSize                         = 1048576                                   {product} {ergonomic}
    uintx GCDrainStackTargetSize                   = 64                                        {product} {ergonomic}
   size_t InitialHeapSize                          = 268435456                                 {product} {ergonomic}
   size_t MarkStackSize                            = 4194304                                   {product} {ergonomic}
   size_t MaxHeapSize                              = 4263510016                                {product} {ergonomic}
   size_t MaxNewSize                               = 2557476864                                {product} {ergonomic}
   size_t MinHeapDeltaBytes                        = 1048576                                   {product} {ergonomic}
   size_t MinHeapSize                              = 8388608                                   {product} {ergonomic}
    uintx NonNMethodCodeHeapSize                   = 5839372                                {pd product} {ergonomic}
    uintx NonProfiledCodeHeapSize                  = 122909434                              {pd product} {ergonomic}
    uintx ProfiledCodeHeapSize                     = 122909434                              {pd product} {ergonomic}
    uintx ReservedCodeCacheSize                    = 251658240                              {pd product} {ergonomic}
     bool SegmentedCodeCache                       = true                                      {product} {ergonomic}
     bool ShowCodeDetailsInExceptionMessages       = true                                   {manageable} {command line}
   size_t SoftMaxHeapSize                          = 4263510016                             {manageable} {ergonomic}
     bool UseCompressedClassPointers               = true                                 {lp64_product} {ergonomic}
     bool UseCompressedOops                        = true                                 {lp64_product} {ergonomic}
     bool UseG1GC                                  = true                                      {product} {ergonomic}
     bool UseLargePagesIndividualAllocation        = false                                  {pd product} {ergonomic}

Logging:
Log output configuration:
 #0: stdout all=warning uptime,level,tags
 #1: stderr all=off uptime,level,tags

Environment Variables:
JAVA_HOME=D:\utils\Java\jdk1.8.0_201
JRE_HOME=D:\utils\Java\jdk1.8.0_201\jre
PATH=C:\Users\lesem\.p2\pool\plugins\org.eclipse.justj.openjdk.hotspot.jre.full.win32.x86_64_14.0.2.v20200815-0932\jre\bin;C:/Users/lesem/.p2/pool/plugins/org.eclipse.justj.openjdk.hotspot.jre.full.win32.x86_64_14.0.2.v20200815-0932/jre/bin/server;C:/Users/lesem/.p2/pool/plugins/org.eclipse.justj.openjdk.hotspot.jre.full.win32.x86_64_14.0.2.v20200815-0932/jre/bin;D:\utils\Java\jdk1.8.0_201\bin;C:\Program Files (x86)\Common Files\Oracle\Java\javapath;C:\windows\system32;C:\windows;C:\windows\System32\Wbem;C:\windows\System32\WindowsPowerShell\v1.0\;C:\windows\System32\OpenSSH\;C:\Program Files (x86)\NVIDIA Corporation\PhysX\Common;C:\Program Files\NVIDIA Corporation\NVIDIA NvDLISR;C:\Program Files\dotnet\;C:\Program Files\Microsoft SQL Server\130\Tools\Binn\;C:\Program Files\Microsoft SQL Server\Client SDK\ODBC\170\Tools\Binn\;D:\Utils\Go\bin;d:\utils\Git\cmd;D:\utils\nodejs\;C:\Program Files (x86)\Microsoft Visual Studio\Shared\Python37_64;C:\Program Files (x86)\Microsoft Visual Studio\Shared\Python37_64\scripts;D:\utils\PuTTY\;D:\utils\Python27;D:\utils\Python27\Scripts;D:\utils\apache-maven-3.6.3\bin;d:\utils\php;;C:\WINDOWS\system32;C:\WINDOWS;C:\WINDOWS\System32\Wbem;C:\WINDOWS\System32\WindowsPowerShell\v1.0\;C:\WINDOWS\System32\OpenSSH\;;D:\Users\lesem\AppData\Local\Programs\Microsoft VS Code\bin;C:\Users\lesem\go\bin;C:\Users\lesem\AppData\Local\particle\bin;C:\OpenSSL-Win32\bin;C:\Users\lesem\AppData\Roaming\npm;C:\Users\lesem\AppData\Local\Microsoft\WindowsApps;C:\Users\lesem\OneDrive\Desktop;
USERNAME=lesem
OS=Windows_NT
PROCESSOR_IDENTIFIER=Intel64 Family 6 Model 158 Stepping 10, GenuineIntel



---------------  S Y S T E M  ---------------

OS: Windows 10 , 64 bit Build 19041 (10.0.19041.1023)
OS uptime: 4 days 8:56 hours

CPU:total 12 (initial active 12) (6 cores per cpu, 2 threads per core) family 6 model 158 stepping 10, cmov, cx8, fxsr, mmx, sse, sse2, sse3, ssse3, sse4.1, sse4.2, popcnt, avx, avx2, aes, clmul, erms, 3dnowpref, lzcnt, ht, tsc, tscinvbit, bmi1, bmi2, adx, fma

Memory: 4k page, system-wide physical 16263M (9146M free)
TotalPageFile size 23207M (AvailPageFile size 12746M)
current process WorkingSet (physical memory assigned to process): 48M, peak: 52M
current process commit charge ("private bytes"): 353M, peak: 354M

vm_info: OpenJDK 64-Bit Server VM (14.0.2+12-46) for windows-amd64 JRE (14.0.2+12-46), built on Jul  9 2020 00:31:16 by "mach5one" with MS VC++ 15.9 (VS2017)

END.
